{"/home/avery/work/spaceport/src/index.ts": {"path":"/home/avery/work/spaceport/src/index.ts","statementMap":{"0":{"start":{"line":3,"column":0},"end":{"line":3,"column":31}},"1":{"start":{"line":4,"column":0},"end":{"line":4,"column":34}},"2":{"start":{"line":6,"column":0},"end":{"line":22,"column":3}},"3":{"start":{"line":7,"column":2},"end":{"line":21,"column":null}},"4":{"start":{"line":8,"column":20},"end":{"line":8,"column":33}},"5":{"start":{"line":9,"column":25},"end":{"line":9,"column":45}},"6":{"start":{"line":10,"column":18},"end":{"line":10,"column":66}},"7":{"start":{"line":11,"column":4},"end":{"line":17,"column":null}},"8":{"start":{"line":12,"column":6},"end":{"line":12,"column":41}},"9":{"start":{"line":14,"column":6},"end":{"line":16,"column":8}},"10":{"start":{"line":19,"column":4},"end":{"line":19,"column":43}},"11":{"start":{"line":20,"column":4},"end":{"line":20,"column":78}}},"fnMap":{"0":{"name":"(anonymous_0)","decl":{"start":{"line":6,"column":31},"end":{"line":6,"column":36}},"loc":{"start":{"line":6,"column":47},"end":{"line":22,"column":1}}}},"branchMap":{"0":{"loc":{"start":{"line":11,"column":4},"end":{"line":17,"column":null}},"type":"if","locations":[{"start":{"line":11,"column":4},"end":{"line":17,"column":null}},{"start":{"line":11,"column":4},"end":{"line":17,"column":null}}]}},"s":{"0":22,"1":22,"2":22,"3":23,"4":23,"5":23,"6":23,"7":22,"8":21,"9":1,"10":1,"11":1},"f":{"0":23},"b":{"0":[21,1]}}
,"/home/avery/work/spaceport/src/segment.ts": {"path":"/home/avery/work/spaceport/src/segment.ts","statementMap":{"0":{"start":{"line":1,"column":0},"end":{"line":1,"column":38}},"1":{"start":{"line":2,"column":13},"end":{"line":2,"column":30}},"2":{"start":{"line":24,"column":2},"end":{"line":24,"column":53}},"3":{"start":{"line":24,"column":46},"end":{"line":24,"column":53}},"4":{"start":{"line":25,"column":17},"end":{"line":25,"column":40}},"5":{"start":{"line":26,"column":18},"end":{"line":26,"column":44}},"6":{"start":{"line":27,"column":2},"end":{"line":27,"column":41}},"7":{"start":{"line":28,"column":2},"end":{"line":28,"column":74}},"8":{"start":{"line":28,"column":47},"end":{"line":28,"column":74}},"9":{"start":{"line":29,"column":2},"end":{"line":29,"column":83}},"10":{"start":{"line":29,"column":26},"end":{"line":29,"column":83}},"11":{"start":{"line":30,"column":2},"end":{"line":41,"column":null}},"12":{"start":{"line":31,"column":4},"end":{"line":38,"column":7}},"13":{"start":{"line":40,"column":4},"end":{"line":40,"column":21}},"14":{"start":{"line":23,"column":0},"end":{"line":23,"column":7}}},"fnMap":{"0":{"name":"track","decl":{"start":{"line":23,"column":22},"end":{"line":23,"column":27}},"loc":{"start":{"line":23,"column":49},"end":{"line":42,"column":1}}}},"branchMap":{"0":{"loc":{"start":{"line":24,"column":2},"end":{"line":24,"column":53}},"type":"if","locations":[{"start":{"line":24,"column":2},"end":{"line":24,"column":53}},{"start":{"line":24,"column":2},"end":{"line":24,"column":53}}]},"1":{"loc":{"start":{"line":28,"column":2},"end":{"line":28,"column":74}},"type":"if","locations":[{"start":{"line":28,"column":2},"end":{"line":28,"column":74}},{"start":{"line":28,"column":2},"end":{"line":28,"column":74}}]},"2":{"loc":{"start":{"line":28,"column":6},"end":{"line":28,"column":21}},"type":"binary-expr","locations":[{"start":{"line":28,"column":6},"end":{"line":28,"column":21}},{"start":{"line":28,"column":25},"end":{"line":28,"column":45}}]},"3":{"loc":{"start":{"line":29,"column":2},"end":{"line":29,"column":83}},"type":"if","locations":[{"start":{"line":29,"column":2},"end":{"line":29,"column":83}},{"start":{"line":29,"column":2},"end":{"line":29,"column":83}}]}},"s":{"0":7,"1":7,"2":3,"3":0,"4":3,"5":3,"6":3,"7":3,"8":2,"9":3,"10":2,"11":3,"12":3,"13":0,"14":7},"f":{"0":3},"b":{"0":[0,3],"1":[2,1],"2":[3,3],"3":[2,1]}}
,"/home/avery/work/spaceport/src/sentry.ts": {"path":"/home/avery/work/spaceport/src/sentry.ts","statementMap":{"0":{"start":{"line":1,"column":12},"end":{"line":1,"column":28}},"1":{"start":{"line":4,"column":12},"end":{"line":4,"column":24}},"2":{"start":{"line":7,"column":13},"end":{"line":7,"column":25}},"3":{"start":{"line":10,"column":20},"end":{"line":10,"column":35}},"4":{"start":{"line":13,"column":20},"end":{"line":13,"column":47}},"5":{"start":{"line":14,"column":23},"end":{"line":14,"column":30}},"6":{"start":{"line":15,"column":16},"end":{"line":15,"column":17}},"7":{"start":{"line":32,"column":2},"end":{"line":62,"column":null}},"8":{"start":{"line":34,"column":4},"end":{"line":34,"column":57}},"9":{"start":{"line":34,"column":50},"end":{"line":34,"column":57}},"10":{"start":{"line":35,"column":4},"end":{"line":35,"column":50}},"11":{"start":{"line":35,"column":43},"end":{"line":35,"column":50}},"12":{"start":{"line":36,"column":17},"end":{"line":36,"column":60}},"13":{"start":{"line":38,"column":4},"end":{"line":59,"column":null}},"14":{"start":{"line":38,"column":17},"end":{"line":38,"column":18}},"15":{"start":{"line":39,"column":18},"end":{"line":52,"column":null}},"16":{"start":{"line":54,"column":6},"end":{"line":56,"column":null}},"17":{"start":{"line":55,"column":8},"end":{"line":55,"column":15}},"18":{"start":{"line":58,"column":6},"end":{"line":58,"column":71}},"19":{"start":{"line":61,"column":4},"end":{"line":61,"column":75}},"20":{"start":{"line":31,"column":0},"end":{"line":31,"column":7}},"21":{"start":{"line":66,"column":18},"end":{"line":66,"column":67}},"22":{"start":{"line":67,"column":17},"end":{"line":67,"column":27}},"23":{"start":{"line":68,"column":20},"end":{"line":69,"column":null}},"24":{"start":{"line":69,"column":13},"end":{"line":69,"column":56}},"25":{"start":{"line":71,"column":27},"end":{"line":71,"column":47}},"26":{"start":{"line":73,"column":17},"end":{"line":73,"column":40}},"27":{"start":{"line":74,"column":2},"end":{"line":110,"column":4}},"28":{"start":{"line":89,"column":25},"end":{"line":89,"column":61}},"29":{"start":{"line":65,"column":0},"end":{"line":65,"column":16}},"30":{"start":{"line":114,"column":2},"end":{"line":138,"column":21}},"31":{"start":{"line":118,"column":6},"end":{"line":120,"column":null}},"32":{"start":{"line":119,"column":8},"end":{"line":119,"column":34}},"33":{"start":{"line":123,"column":24},"end":{"line":124,"column":null}},"34":{"start":{"line":126,"column":6},"end":{"line":128,"column":null}},"35":{"start":{"line":127,"column":8},"end":{"line":127,"column":15}},"36":{"start":{"line":130,"column":6},"end":{"line":136,"column":8}},"37":{"start":{"line":113,"column":0},"end":{"line":113,"column":16}}},"fnMap":{"0":{"name":"log","decl":{"start":{"line":31,"column":22},"end":{"line":31,"column":25}},"loc":{"start":{"line":31,"column":54},"end":{"line":63,"column":1}}},"1":{"name":"toSentryEvent","decl":{"start":{"line":65,"column":16},"end":{"line":65,"column":29}},"loc":{"start":{"line":65,"column":58},"end":{"line":111,"column":1}}},"2":{"name":"(anonymous_2)","decl":{"start":{"line":69,"column":4},"end":{"line":69,"column":5}},"loc":{"start":{"line":69,"column":13},"end":{"line":69,"column":56}}},"3":{"name":"(anonymous_3)","decl":{"start":{"line":89,"column":10},"end":{"line":89,"column":11}},"loc":{"start":{"line":89,"column":25},"end":{"line":89,"column":61}}},"4":{"name":"parse","decl":{"start":{"line":113,"column":16},"end":{"line":113,"column":21}},"loc":{"start":{"line":113,"column":32},"end":{"line":139,"column":1}}},"5":{"name":"(anonymous_5)","decl":{"start":{"line":117,"column":9},"end":{"line":117,"column":10}},"loc":{"start":{"line":117,"column":18},"end":{"line":137,"column":5}}}},"branchMap":{"0":{"loc":{"start":{"line":34,"column":4},"end":{"line":34,"column":57}},"type":"if","locations":[{"start":{"line":34,"column":4},"end":{"line":34,"column":57}},{"start":{"line":34,"column":4},"end":{"line":34,"column":57}}]},"1":{"loc":{"start":{"line":35,"column":4},"end":{"line":35,"column":50}},"type":"if","locations":[{"start":{"line":35,"column":4},"end":{"line":35,"column":50}},{"start":{"line":35,"column":4},"end":{"line":35,"column":50}}]},"2":{"loc":{"start":{"line":54,"column":6},"end":{"line":56,"column":null}},"type":"if","locations":[{"start":{"line":54,"column":6},"end":{"line":56,"column":null}},{"start":{"line":54,"column":6},"end":{"line":56,"column":null}}]},"3":{"loc":{"start":{"line":66,"column":18},"end":{"line":66,"column":26}},"type":"binary-expr","locations":[{"start":{"line":66,"column":18},"end":{"line":66,"column":26}},{"start":{"line":66,"column":30},"end":{"line":66,"column":67}}]},"4":{"loc":{"start":{"line":66,"column":32},"end":{"line":66,"column":55}},"type":"binary-expr","locations":[{"start":{"line":66,"column":32},"end":{"line":66,"column":55}},{"start":{"line":66,"column":59},"end":{"line":66,"column":61}}]},"5":{"loc":{"start":{"line":76,"column":31},"end":{"line":76,"column":42}},"type":"binary-expr","locations":[{"start":{"line":76,"column":31},"end":{"line":76,"column":42}},{"start":{"line":76,"column":46},"end":{"line":76,"column":60}}]},"6":{"loc":{"start":{"line":82,"column":38},"end":{"line":82,"column":66}},"type":"cond-expr","locations":[{"start":{"line":82,"column":38},"end":{"line":82,"column":66}},{"start":{"line":82,"column":69},"end":{"line":82,"column":78}}]},"7":{"loc":{"start":{"line":87,"column":8},"end":{"line":92,"column":null}},"type":"cond-expr","locations":[{"start":{"line":87,"column":8},"end":{"line":92,"column":null}},{"start":{"line":93,"column":8},"end":{"line":93,"column":17}}]},"8":{"loc":{"start":{"line":101,"column":10},"end":{"line":107,"column":null}},"type":"cond-expr","locations":[{"start":{"line":101,"column":10},"end":{"line":107,"column":null}},{"start":{"line":108,"column":10},"end":{"line":108,"column":19}}]},"9":{"loc":{"start":{"line":100,"column":6},"end":{"line":100,"column":13}},"type":"binary-expr","locations":[{"start":{"line":100,"column":6},"end":{"line":100,"column":13}},{"start":{"line":100,"column":17},"end":{"line":100,"column":28}}]},"10":{"loc":{"start":{"line":104,"column":39},"end":{"line":104,"column":62}},"type":"cond-expr","locations":[{"start":{"line":104,"column":39},"end":{"line":104,"column":62}},{"start":{"line":104,"column":65},"end":{"line":104,"column":67}}]},"11":{"loc":{"start":{"line":114,"column":10},"end":{"line":114,"column":19}},"type":"binary-expr","locations":[{"start":{"line":114,"column":10},"end":{"line":114,"column":19}},{"start":{"line":114,"column":23},"end":{"line":114,"column":25}}]},"12":{"loc":{"start":{"line":118,"column":6},"end":{"line":120,"column":null}},"type":"if","locations":[{"start":{"line":118,"column":6},"end":{"line":120,"column":null}},{"start":{"line":118,"column":6},"end":{"line":120,"column":null}}]},"13":{"loc":{"start":{"line":126,"column":6},"end":{"line":128,"column":null}},"type":"if","locations":[{"start":{"line":126,"column":6},"end":{"line":128,"column":null}},{"start":{"line":126,"column":6},"end":{"line":128,"column":null}}]},"14":{"loc":{"start":{"line":131,"column":18},"end":{"line":131,"column":30}},"type":"binary-expr","locations":[{"start":{"line":131,"column":18},"end":{"line":131,"column":30}},{"start":{"line":131,"column":34},"end":{"line":131,"column":43}}]},"15":{"loc":{"start":{"line":132,"column":18},"end":{"line":132,"column":30}},"type":"binary-expr","locations":[{"start":{"line":132,"column":18},"end":{"line":132,"column":30}},{"start":{"line":132,"column":34},"end":{"line":132,"column":43}}]},"16":{"loc":{"start":{"line":133,"column":16},"end":{"line":133,"column":29}},"type":"binary-expr","locations":[{"start":{"line":133,"column":16},"end":{"line":133,"column":29}},{"start":{"line":133,"column":33},"end":{"line":133,"column":42}}]},"17":{"loc":{"start":{"line":134,"column":15},"end":{"line":134,"column":28}},"type":"binary-expr","locations":[{"start":{"line":134,"column":15},"end":{"line":134,"column":28}},{"start":{"line":134,"column":32},"end":{"line":134,"column":41}}]},"18":{"loc":{"start":{"line":135,"column":16},"end":{"line":135,"column":41}},"type":"binary-expr","locations":[{"start":{"line":135,"column":16},"end":{"line":135,"column":41}},{"start":{"line":135,"column":45},"end":{"line":135,"column":54}}]}},"s":{"0":7,"1":7,"2":7,"3":7,"4":7,"5":7,"6":7,"7":1,"8":1,"9":0,"10":1,"11":0,"12":1,"13":1,"14":1,"15":1,"16":1,"17":1,"18":0,"19":0,"20":7,"21":1,"22":1,"23":1,"24":0,"25":1,"26":1,"27":1,"28":0,"29":7,"30":1,"31":3,"32":0,"33":3,"34":3,"35":0,"36":3,"37":7},"f":{"0":1,"1":1,"2":0,"3":0,"4":1,"5":3},"b":{"0":[0,1],"1":[0,1],"2":[1,0],"3":[1,0],"4":[0,0],"5":[1,0],"6":[1,0],"7":[0,1],"8":[1,0],"9":[1,1],"10":[1,0],"11":[1,0],"12":[0,3],"13":[0,3],"14":[3,0],"15":[3,0],"16":[3,0],"17":[3,0],"18":[3,0]}}
,"/home/avery/work/spaceport/src/routes/cli.ts": {"path":"/home/avery/work/spaceport/src/routes/cli.ts","statementMap":{"0":{"start":{"line":1,"column":0},"end":{"line":1,"column":38}},"1":{"start":{"line":2,"column":0},"end":{"line":2,"column":35}},"2":{"start":{"line":4,"column":10},"end":{"line":4,"column":22}},"3":{"start":{"line":6,"column":23},"end":{"line":6,"column":71}},"4":{"start":{"line":17,"column":2},"end":{"line":30,"column":null}},"5":{"start":{"line":19,"column":21},"end":{"line":21,"column":6}},"6":{"start":{"line":22,"column":4},"end":{"line":26,"column":null}},"7":{"start":{"line":23,"column":6},"end":{"line":25,"column":8}},"8":{"start":{"line":27,"column":18},"end":{"line":27,"column":41}},"9":{"start":{"line":29,"column":4},"end":{"line":29,"column":47}},"10":{"start":{"line":32,"column":27},"end":{"line":32,"column":40}},"11":{"start":{"line":34,"column":19},"end":{"line":36,"column":null}},"12":{"start":{"line":39,"column":2},"end":{"line":53,"column":null}},"13":{"start":{"line":40,"column":4},"end":{"line":51,"column":6}},"14":{"start":{"line":52,"column":4},"end":{"line":52,"column":20}},"15":{"start":{"line":55,"column":2},"end":{"line":60,"column":null}},"16":{"start":{"line":56,"column":4},"end":{"line":59,"column":6}},"17":{"start":{"line":62,"column":2},"end":{"line":65,"column":4}},"18":{"start":{"line":13,"column":0},"end":{"line":13,"column":7}}},"fnMap":{"0":{"name":"handleCLI","decl":{"start":{"line":13,"column":22},"end":{"line":13,"column":31}},"loc":{"start":{"line":15,"column":19},"end":{"line":66,"column":1}}}},"branchMap":{"0":{"loc":{"start":{"line":17,"column":2},"end":{"line":30,"column":null}},"type":"if","locations":[{"start":{"line":17,"column":2},"end":{"line":30,"column":null}},{"start":{"line":17,"column":2},"end":{"line":30,"column":null}}]},"1":{"loc":{"start":{"line":17,"column":6},"end":{"line":17,"column":14}},"type":"binary-expr","locations":[{"start":{"line":17,"column":6},"end":{"line":17,"column":14}},{"start":{"line":17,"column":18},"end":{"line":17,"column":26}}]},"2":{"loc":{"start":{"line":22,"column":4},"end":{"line":26,"column":null}},"type":"if","locations":[{"start":{"line":22,"column":4},"end":{"line":26,"column":null}},{"start":{"line":22,"column":4},"end":{"line":26,"column":null}}]},"3":{"loc":{"start":{"line":39,"column":2},"end":{"line":53,"column":null}},"type":"if","locations":[{"start":{"line":39,"column":2},"end":{"line":53,"column":null}},{"start":{"line":39,"column":2},"end":{"line":53,"column":null}}]},"4":{"loc":{"start":{"line":55,"column":2},"end":{"line":60,"column":null}},"type":"if","locations":[{"start":{"line":55,"column":2},"end":{"line":60,"column":null}},{"start":{"line":55,"column":2},"end":{"line":60,"column":null}}]}},"s":{"0":21,"1":21,"2":21,"3":21,"4":7,"5":3,"6":3,"7":2,"8":1,"9":1,"10":5,"11":5,"12":5,"13":3,"14":3,"15":2,"16":1,"17":1,"18":21},"f":{"0":7},"b":{"0":[3,4],"1":[7,7],"2":[2,1],"3":[3,2],"4":[1,1]}}
,"/home/avery/work/spaceport/src/routes/index.ts": {"path":"/home/avery/work/spaceport/src/routes/index.ts","statementMap":{"0":{"start":{"line":1,"column":0},"end":{"line":1,"column":53}},"1":{"start":{"line":2,"column":0},"end":{"line":2,"column":47}},"2":{"start":{"line":3,"column":0},"end":{"line":3,"column":39}},"3":{"start":{"line":4,"column":0},"end":{"line":4,"column":34}},"4":{"start":{"line":5,"column":0},"end":{"line":5,"column":46}},"5":{"start":{"line":6,"column":0},"end":{"line":6,"column":32}},"6":{"start":{"line":9,"column":15},"end":{"line":9,"column":36}},"7":{"start":{"line":84,"column":9},"end":{"line":84,"column":15}},"8":{"start":{"line":11,"column":0},"end":{"line":11,"column":43}},"9":{"start":{"line":13,"column":0},"end":{"line":39,"column":2}},"10":{"start":{"line":16,"column":4},"end":{"line":23,"column":null}},"11":{"start":{"line":17,"column":6},"end":{"line":22,"column":8}},"12":{"start":{"line":24,"column":4},"end":{"line":31,"column":null}},"13":{"start":{"line":25,"column":6},"end":{"line":30,"column":8}},"14":{"start":{"line":32,"column":4},"end":{"line":37,"column":6}},"15":{"start":{"line":34,"column":8},"end":{"line":34,"column":47}},"16":{"start":{"line":35,"column":8},"end":{"line":35,"column":72}},"17":{"start":{"line":41,"column":0},"end":{"line":48,"column":2}},"18":{"start":{"line":42,"column":2},"end":{"line":46,"column":null}},"19":{"start":{"line":44,"column":6},"end":{"line":44,"column":45}},"20":{"start":{"line":45,"column":6},"end":{"line":45,"column":70}},"21":{"start":{"line":49,"column":0},"end":{"line":56,"column":2}},"22":{"start":{"line":50,"column":2},"end":{"line":54,"column":null}},"23":{"start":{"line":52,"column":6},"end":{"line":52,"column":45}},"24":{"start":{"line":53,"column":6},"end":{"line":53,"column":70}},"25":{"start":{"line":58,"column":0},"end":{"line":61,"column":3}},"26":{"start":{"line":59,"column":14},"end":{"line":59,"column":40}},"27":{"start":{"line":60,"column":2},"end":{"line":60,"column":72}},"28":{"start":{"line":63,"column":0},"end":{"line":71,"column":3}},"29":{"start":{"line":64,"column":2},"end":{"line":70,"column":4}},"30":{"start":{"line":66,"column":23},"end":{"line":66,"column":62}},"31":{"start":{"line":67,"column":6},"end":{"line":67,"column":56}},"32":{"start":{"line":68,"column":6},"end":{"line":68,"column":22}},"33":{"start":{"line":74,"column":0},"end":{"line":74,"column":33}},"34":{"start":{"line":77,"column":2},"end":{"line":77,"column":46}},"35":{"start":{"line":80,"column":0},"end":{"line":82,"column":3}},"36":{"start":{"line":81,"column":2},"end":{"line":81,"column":40}}},"fnMap":{"0":{"name":"(anonymous_0)","decl":{"start":{"line":15,"column":2},"end":{"line":15,"column":3}},"loc":{"start":{"line":15,"column":35},"end":{"line":38,"column":3}}},"1":{"name":"(anonymous_1)","decl":{"start":{"line":33,"column":58},"end":{"line":33,"column":59}},"loc":{"start":{"line":33,"column":64},"end":{"line":36,"column":7}}},"2":{"name":"(anonymous_2)","decl":{"start":{"line":41,"column":39},"end":{"line":41,"column":40}},"loc":{"start":{"line":42,"column":2},"end":{"line":46,"column":null}}},"3":{"name":"(anonymous_3)","decl":{"start":{"line":43,"column":50},"end":{"line":43,"column":51}},"loc":{"start":{"line":43,"column":56},"end":{"line":46,"column":5}}},"4":{"name":"(anonymous_4)","decl":{"start":{"line":49,"column":40},"end":{"line":49,"column":41}},"loc":{"start":{"line":50,"column":2},"end":{"line":54,"column":null}}},"5":{"name":"(anonymous_5)","decl":{"start":{"line":51,"column":50},"end":{"line":51,"column":51}},"loc":{"start":{"line":51,"column":56},"end":{"line":54,"column":5}}},"6":{"name":"(anonymous_6)","decl":{"start":{"line":58,"column":19},"end":{"line":58,"column":20}},"loc":{"start":{"line":58,"column":32},"end":{"line":61,"column":1}}},"7":{"name":"(anonymous_7)","decl":{"start":{"line":63,"column":16},"end":{"line":63,"column":17}},"loc":{"start":{"line":63,"column":29},"end":{"line":71,"column":1}}},"8":{"name":"(anonymous_8)","decl":{"start":{"line":65,"column":5},"end":{"line":65,"column":10}},"loc":{"start":{"line":65,"column":16},"end":{"line":69,"column":5}}},"9":{"name":"throwError","decl":{"start":{"line":76,"column":9},"end":{"line":76,"column":19}},"loc":{"start":{"line":76,"column":46},"end":{"line":78,"column":1}}},"10":{"name":"(anonymous_10)","decl":{"start":{"line":80,"column":16},"end":{"line":80,"column":17}},"loc":{"start":{"line":80,"column":29},"end":{"line":82,"column":1}}}},"branchMap":{"0":{"loc":{"start":{"line":16,"column":4},"end":{"line":23,"column":null}},"type":"if","locations":[{"start":{"line":16,"column":4},"end":{"line":23,"column":null}},{"start":{"line":16,"column":4},"end":{"line":23,"column":null}}]},"1":{"loc":{"start":{"line":16,"column":8},"end":{"line":16,"column":17}},"type":"binary-expr","locations":[{"start":{"line":16,"column":8},"end":{"line":16,"column":17}},{"start":{"line":16,"column":21},"end":{"line":16,"column":29}}]},"2":{"loc":{"start":{"line":24,"column":4},"end":{"line":31,"column":null}},"type":"if","locations":[{"start":{"line":24,"column":4},"end":{"line":31,"column":null}},{"start":{"line":24,"column":4},"end":{"line":31,"column":null}}]},"3":{"loc":{"start":{"line":35,"column":28},"end":{"line":35,"column":37}},"type":"binary-expr","locations":[{"start":{"line":35,"column":28},"end":{"line":35,"column":37}},{"start":{"line":35,"column":41},"end":{"line":35,"column":53}}]},"4":{"loc":{"start":{"line":45,"column":26},"end":{"line":45,"column":35}},"type":"binary-expr","locations":[{"start":{"line":45,"column":26},"end":{"line":45,"column":35}},{"start":{"line":45,"column":39},"end":{"line":45,"column":51}}]},"5":{"loc":{"start":{"line":53,"column":26},"end":{"line":53,"column":35}},"type":"binary-expr","locations":[{"start":{"line":53,"column":26},"end":{"line":53,"column":35}},{"start":{"line":53,"column":39},"end":{"line":53,"column":51}}]}},"s":{"0":21,"1":21,"2":21,"3":21,"4":21,"5":21,"6":21,"7":21,"8":21,"9":21,"10":7,"11":2,"12":5,"13":1,"14":4,"15":0,"16":0,"17":21,"18":7,"19":2,"20":2,"21":21,"22":0,"23":0,"24":0,"25":21,"26":1,"27":1,"28":21,"29":3,"30":3,"31":3,"32":3,"33":21,"34":0,"35":21,"36":1},"f":{"0":7,"1":0,"2":7,"3":2,"4":0,"5":0,"6":1,"7":3,"8":3,"9":0,"10":1},"b":{"0":[2,5],"1":[7,6],"2":[1,4],"3":[0,0],"4":[2,0],"5":[0,0]}}
,"/home/avery/work/spaceport/src/routes/legacy-cli.ts": {"path":"/home/avery/work/spaceport/src/routes/legacy-cli.ts","statementMap":{"0":{"start":{"line":1,"column":0},"end":{"line":1,"column":38}},"1":{"start":{"line":2,"column":0},"end":{"line":2,"column":35}},"2":{"start":{"line":5,"column":2},"end":{"line":5,"column":60}},"3":{"start":{"line":17,"column":19},"end":{"line":20,"column":4}},"4":{"start":{"line":22,"column":2},"end":{"line":36,"column":null}},"5":{"start":{"line":23,"column":4},"end":{"line":34,"column":6}},"6":{"start":{"line":35,"column":4},"end":{"line":35,"column":20}},"7":{"start":{"line":38,"column":2},"end":{"line":43,"column":null}},"8":{"start":{"line":39,"column":4},"end":{"line":42,"column":6}},"9":{"start":{"line":44,"column":2},"end":{"line":47,"column":4}},"10":{"start":{"line":12,"column":0},"end":{"line":12,"column":7}}},"fnMap":{"0":{"name":"handleLegacyCLI","decl":{"start":{"line":12,"column":22},"end":{"line":12,"column":37}},"loc":{"start":{"line":14,"column":19},"end":{"line":48,"column":1}}}},"branchMap":{"0":{"loc":{"start":{"line":22,"column":2},"end":{"line":36,"column":null}},"type":"if","locations":[{"start":{"line":22,"column":2},"end":{"line":36,"column":null}},{"start":{"line":22,"column":2},"end":{"line":36,"column":null}}]},"1":{"loc":{"start":{"line":38,"column":2},"end":{"line":43,"column":null}},"type":"if","locations":[{"start":{"line":38,"column":2},"end":{"line":43,"column":null}},{"start":{"line":38,"column":2},"end":{"line":43,"column":null}}]}},"s":{"0":21,"1":21,"2":21,"3":4,"4":4,"5":2,"6":2,"7":2,"8":1,"9":1,"10":21},"f":{"0":4},"b":{"0":[2,2],"1":[1,1]}}
,"/home/avery/work/spaceport/src/routes/static.ts": {"path":"/home/avery/work/spaceport/src/routes/static.ts","statementMap":{"0":{"start":{"line":1,"column":0},"end":{"line":1,"column":null}},"1":{"start":{"line":8,"column":4},"end":{"line":8,"column":78}},"2":{"start":{"line":10,"column":2},"end":{"line":14,"column":4}},"3":{"start":{"line":12,"column":6},"end":{"line":12,"column":31}},"4":{"start":{"line":6,"column":0},"end":{"line":6,"column":7}},"5":{"start":{"line":18,"column":25},"end":{"line":21,"column":4}},"6":{"start":{"line":20,"column":6},"end":{"line":20,"column":76}},"7":{"start":{"line":23,"column":2},"end":{"line":26,"column":5}}},"fnMap":{"0":{"name":"serveStatic","decl":{"start":{"line":6,"column":22},"end":{"line":6,"column":33}},"loc":{"start":{"line":6,"column":70},"end":{"line":15,"column":1}}},"1":{"name":"customKeyModifier","decl":{"start":{"line":7,"column":11},"end":{"line":7,"column":28}},"loc":{"start":{"line":7,"column":41},"end":{"line":9,"column":3}}},"2":{"name":"(anonymous_2)","decl":{"start":{"line":11,"column":4},"end":{"line":11,"column":5}},"loc":{"start":{"line":11,"column":10},"end":{"line":13,"column":5}}},"3":{"name":"fourOhFour","decl":{"start":{"line":17,"column":15},"end":{"line":17,"column":25}},"loc":{"start":{"line":17,"column":43},"end":{"line":27,"column":1}}},"4":{"name":"(anonymous_4)","decl":{"start":{"line":19,"column":23},"end":{"line":19,"column":24}},"loc":{"start":{"line":20,"column":6},"end":{"line":20,"column":76}}}},"branchMap":{"0":{"loc":{"start":{"line":6,"column":68},"end":{"line":6,"column":70}},"type":"default-arg","locations":[{"start":{"line":6,"column":68},"end":{"line":6,"column":70}}]}},"s":{"0":21,"1":4,"2":4,"3":1,"4":21,"5":1,"6":1,"7":1},"f":{"0":4,"1":4,"2":1,"3":1,"4":1},"b":{"0":[1]}}
,"/home/avery/work/spaceport/src/routes/telemetry.ts": {"path":"/home/avery/work/spaceport/src/routes/telemetry.ts","statementMap":{"0":{"start":{"line":1,"column":0},"end":{"line":1,"column":35}},"1":{"start":{"line":3,"column":25},"end":{"line":3,"column":32}},"2":{"start":{"line":36,"column":22},"end":{"line":36,"column":35}},"3":{"start":{"line":37,"column":22},"end":{"line":37,"column":49}},"4":{"start":{"line":38,"column":20},"end":{"line":38,"column":45}},"5":{"start":{"line":39,"column":2},"end":{"line":43,"column":null}},"6":{"start":{"line":40,"column":4},"end":{"line":42,"column":null}},"7":{"start":{"line":44,"column":2},"end":{"line":48,"column":null}},"8":{"start":{"line":45,"column":4},"end":{"line":47,"column":6}},"9":{"start":{"line":50,"column":15},"end":{"line":50,"column":35}},"10":{"start":{"line":52,"column":2},"end":{"line":52,"column":42}},"11":{"start":{"line":53,"column":2},"end":{"line":53,"column":39}},"12":{"start":{"line":35,"column":0},"end":{"line":35,"column":16}},"13":{"start":{"line":57,"column":2},"end":{"line":57,"column":13}},"14":{"start":{"line":58,"column":2},"end":{"line":58,"column":58}},"15":{"start":{"line":62,"column":20},"end":{"line":62,"column":72}},"16":{"start":{"line":63,"column":17},"end":{"line":63,"column":27}},"17":{"start":{"line":65,"column":24},"end":{"line":84,"column":4}},"18":{"start":{"line":85,"column":2},"end":{"line":85,"column":29}},"19":{"start":{"line":61,"column":0},"end":{"line":61,"column":7}}},"fnMap":{"0":{"name":"reportTelemetry","decl":{"start":{"line":35,"column":16},"end":{"line":35,"column":31}},"loc":{"start":{"line":35,"column":57},"end":{"line":54,"column":1}}},"1":{"name":"respondWith","decl":{"start":{"line":56,"column":15},"end":{"line":56,"column":26}},"loc":{"start":{"line":56,"column":49},"end":{"line":59,"column":1}}},"2":{"name":"waitUntil","decl":{"start":{"line":61,"column":22},"end":{"line":61,"column":31}},"loc":{"start":{"line":61,"column":73},"end":{"line":86,"column":1}}}},"branchMap":{"0":{"loc":{"start":{"line":39,"column":2},"end":{"line":43,"column":null}},"type":"if","locations":[{"start":{"line":39,"column":2},"end":{"line":43,"column":null}},{"start":{"line":39,"column":2},"end":{"line":43,"column":null}}]},"1":{"loc":{"start":{"line":39,"column":6},"end":{"line":39,"column":16}},"type":"binary-expr","locations":[{"start":{"line":39,"column":6},"end":{"line":39,"column":16}},{"start":{"line":39,"column":20},"end":{"line":39,"column":51}}]},"2":{"loc":{"start":{"line":44,"column":2},"end":{"line":48,"column":null}},"type":"if","locations":[{"start":{"line":44,"column":2},"end":{"line":48,"column":null}},{"start":{"line":44,"column":2},"end":{"line":48,"column":null}}]},"3":{"loc":{"start":{"line":44,"column":6},"end":{"line":44,"column":18}},"type":"binary-expr","locations":[{"start":{"line":44,"column":6},"end":{"line":44,"column":18}},{"start":{"line":44,"column":22},"end":{"line":44,"column":63}}]},"4":{"loc":{"start":{"line":62,"column":20},"end":{"line":62,"column":59}},"type":"binary-expr","locations":[{"start":{"line":62,"column":20},"end":{"line":62,"column":59}},{"start":{"line":62,"column":63},"end":{"line":62,"column":72}}]}},"s":{"0":21,"1":21,"2":2,"3":2,"4":2,"5":2,"6":0,"7":2,"8":1,"9":1,"10":1,"11":1,"12":21,"13":1,"14":1,"15":1,"16":1,"17":1,"18":1,"19":21},"f":{"0":2,"1":1,"2":1},"b":{"0":[0,2],"1":[2,2],"2":[1,1],"3":[2,1],"4":[1,0]}}
}
