TN:
SF:src/index.ts
FN:6,(anonymous_0)
FNF:1
FNH:1
FNDA:23,(anonymous_0)
DA:3,22
DA:4,22
DA:6,22
DA:7,23
DA:8,23
DA:9,23
DA:10,23
DA:11,22
DA:12,21
DA:14,1
DA:19,1
DA:20,1
LF:12
LH:12
BRDA:11,0,0,21
BRDA:11,0,1,1
BRF:2
BRH:2
end_of_record
TN:
SF:src/segment.ts
FN:23,track
FNF:1
FNH:1
FNDA:3,track
DA:1,7
DA:2,7
DA:23,7
DA:24,3
DA:25,3
DA:26,3
DA:27,3
DA:28,3
DA:29,3
DA:30,3
DA:31,3
DA:40,0
LF:12
LH:11
BRDA:24,0,0,0
BRDA:24,0,1,3
BRDA:28,1,0,2
BRDA:28,1,1,1
BRDA:28,2,0,3
BRDA:28,2,1,3
BRDA:29,3,0,2
BRDA:29,3,1,1
BRF:8
BRH:7
end_of_record
TN:
SF:src/sentry.ts
FN:31,log
FN:65,toSentryEvent
FN:69,(anonymous_2)
FN:89,(anonymous_3)
FN:113,parse
FN:117,(anonymous_5)
FNF:6
FNH:4
FNDA:1,log
FNDA:1,toSentryEvent
FNDA:0,(anonymous_2)
FNDA:0,(anonymous_3)
FNDA:1,parse
FNDA:3,(anonymous_5)
DA:1,7
DA:4,7
DA:7,7
DA:10,7
DA:13,7
DA:14,7
DA:15,7
DA:31,7
DA:32,1
DA:34,1
DA:35,1
DA:36,1
DA:38,1
DA:39,1
DA:54,1
DA:55,1
DA:58,0
DA:61,0
DA:65,7
DA:66,1
DA:67,1
DA:68,1
DA:69,0
DA:71,1
DA:73,1
DA:74,1
DA:89,0
DA:113,7
DA:114,1
DA:118,3
DA:119,0
DA:123,3
DA:126,3
DA:127,0
DA:130,3
LF:35
LH:29
BRDA:34,0,0,0
BRDA:34,0,1,1
BRDA:35,1,0,0
BRDA:35,1,1,1
BRDA:54,2,0,1
BRDA:54,2,1,0
BRDA:66,3,0,1
BRDA:66,3,1,0
BRDA:66,4,0,0
BRDA:66,4,1,0
BRDA:76,5,0,1
BRDA:76,5,1,0
BRDA:82,6,0,1
BRDA:82,6,1,0
BRDA:87,7,0,0
BRDA:87,7,1,1
BRDA:101,8,0,1
BRDA:101,8,1,0
BRDA:100,9,0,1
BRDA:100,9,1,1
BRDA:104,10,0,1
BRDA:104,10,1,0
BRDA:114,11,0,1
BRDA:114,11,1,0
BRDA:118,12,0,0
BRDA:118,12,1,3
BRDA:126,13,0,0
BRDA:126,13,1,3
BRDA:131,14,0,3
BRDA:131,14,1,0
BRDA:132,15,0,3
BRDA:132,15,1,0
BRDA:133,16,0,3
BRDA:133,16,1,0
BRDA:134,17,0,3
BRDA:134,17,1,0
BRDA:135,18,0,3
BRDA:135,18,1,0
BRF:38
BRH:19
end_of_record
TN:
SF:src/routes/cli.ts
FN:13,handleCLI
FNF:1
FNH:1
FNDA:7,handleCLI
DA:1,21
DA:2,21
DA:4,21
DA:6,21
DA:13,21
DA:17,7
DA:19,3
DA:22,3
DA:23,2
DA:27,1
DA:29,1
DA:32,5
DA:34,5
DA:39,5
DA:40,3
DA:52,3
DA:55,2
DA:56,1
DA:62,1
LF:19
LH:19
BRDA:17,0,0,3
BRDA:17,0,1,4
BRDA:17,1,0,7
BRDA:17,1,1,7
BRDA:22,2,0,2
BRDA:22,2,1,1
BRDA:39,3,0,3
BRDA:39,3,1,2
BRDA:55,4,0,1
BRDA:55,4,1,1
BRF:10
BRH:10
end_of_record
TN:
SF:src/routes/index.ts
FN:15,(anonymous_0)
FN:33,(anonymous_1)
FN:41,(anonymous_2)
FN:43,(anonymous_3)
FN:49,(anonymous_4)
FN:51,(anonymous_5)
FN:58,(anonymous_6)
FN:63,(anonymous_7)
FN:65,(anonymous_8)
FN:76,throwError
FN:80,(anonymous_10)
FNF:11
FNH:7
FNDA:7,(anonymous_0)
FNDA:0,(anonymous_1)
FNDA:7,(anonymous_2)
FNDA:2,(anonymous_3)
FNDA:0,(anonymous_4)
FNDA:0,(anonymous_5)
FNDA:1,(anonymous_6)
FNDA:3,(anonymous_7)
FNDA:3,(anonymous_8)
FNDA:0,throwError
FNDA:1,(anonymous_10)
DA:1,21
DA:2,21
DA:3,21
DA:4,21
DA:5,21
DA:6,21
DA:9,21
DA:11,21
DA:13,21
DA:16,7
DA:17,2
DA:24,5
DA:25,1
DA:32,4
DA:34,0
DA:35,0
DA:41,21
DA:42,7
DA:44,2
DA:45,2
DA:49,21
DA:50,0
DA:52,0
DA:53,0
DA:58,21
DA:59,1
DA:60,1
DA:63,21
DA:64,3
DA:66,3
DA:67,3
DA:68,3
DA:74,21
DA:77,0
DA:80,21
DA:81,1
DA:84,21
LF:37
LH:31
BRDA:16,0,0,2
BRDA:16,0,1,5
BRDA:16,1,0,7
BRDA:16,1,1,6
BRDA:24,2,0,1
BRDA:24,2,1,4
BRDA:35,3,0,0
BRDA:35,3,1,0
BRDA:45,4,0,2
BRDA:45,4,1,0
BRDA:53,5,0,0
BRDA:53,5,1,0
BRF:12
BRH:7
end_of_record
TN:
SF:src/routes/legacy-cli.ts
FN:12,handleLegacyCLI
FNF:1
FNH:1
FNDA:4,handleLegacyCLI
DA:1,21
DA:2,21
DA:5,21
DA:12,21
DA:17,4
DA:22,4
DA:23,2
DA:35,2
DA:38,2
DA:39,1
DA:44,1
LF:11
LH:11
BRDA:22,0,0,2
BRDA:22,0,1,2
BRDA:38,1,0,1
BRDA:38,1,1,1
BRF:4
BRH:4
end_of_record
TN:
SF:src/routes/static.ts
FN:6,serveStatic
FN:7,customKeyModifier
FN:11,(anonymous_2)
FN:17,fourOhFour
FN:19,(anonymous_4)
FNF:5
FNH:5
FNDA:4,serveStatic
FNDA:4,customKeyModifier
FNDA:1,(anonymous_2)
FNDA:1,fourOhFour
FNDA:1,(anonymous_4)
DA:1,21
DA:6,21
DA:8,4
DA:10,4
DA:12,1
DA:18,1
DA:20,1
DA:23,1
LF:8
LH:8
BRDA:6,0,0,1
BRF:1
BRH:1
end_of_record
TN:
SF:src/routes/telemetry.ts
FN:35,reportTelemetry
FN:56,respondWith
FN:61,waitUntil
FNF:3
FNH:3
FNDA:2,reportTelemetry
FNDA:1,respondWith
FNDA:1,waitUntil
DA:1,21
DA:3,21
DA:35,21
DA:36,2
DA:37,2
DA:38,2
DA:39,2
DA:40,0
DA:44,2
DA:45,1
DA:50,1
DA:52,1
DA:53,1
DA:57,1
DA:58,1
DA:61,21
DA:62,1
DA:63,1
DA:65,1
DA:85,1
LF:20
LH:19
BRDA:39,0,0,0
BRDA:39,0,1,2
BRDA:39,1,0,2
BRDA:39,1,1,2
BRDA:44,2,0,1
BRDA:44,2,1,1
BRDA:44,3,0,2
BRDA:44,3,1,1
BRDA:62,4,0,1
BRDA:62,4,1,0
BRF:10
BRH:8
end_of_record
